<?xml version="1.0" encoding="UTF-8"?>
<!-- Generated by org.testng.reporters.JUnitReportReporter -->
<testsuite skipped="1" hostname="DESKTOP-1RBJ5DQ" name="com.Tests.LoginPageTest" tests="2" failures="0" timestamp="24 Jan 2021 03:21:46 GMT" time="11.599" errors="0">
  <testcase name="verifyDoLoginTest" time="11.599" classname="com.Tests.LoginPageTest"/>
  <testcase name="verifyLoginPageTitleTest" classname="com.Tests.LoginPageTest">
    <skipped/>
  </testcase> <!-- verifyLoginPageTitleTest -->
</testsuite> <!-- com.Tests.LoginPageTest -->
